This is pdfTeX, Version 3.1415926-2.4-1.40.13 (TeX Live 2012/Debian) (format=pdflatex 2013.10.8)  10 OCT 2013 11:53
entering extended mode
 restricted \write18 enabled.
 %&-line parsing enabled.
**document.tex
(./document.tex
LaTeX2e <2011/06/27>
Babel <v3.8m> and hyphenation patterns for english, dumylang, nohyphenation, lo
aded.
(./bioinfo.cls
Document Class: bioinfo 2003/02/08 0.1
(/usr/share/texlive/texmf-dist/tex/latex/base/inputenc.sty
Package: inputenc 2008/03/30 v1.1d Input encoding file
\inpenc@prehook=\toks14
\inpenc@posthook=\toks15
) (./crop.sty
Package: crop 2001/11/16 v1.6 cropmarks (mf)
\CROP@width=\dimen102
\CROP@height=\dimen103
\CROP@index=\count79

(/usr/share/texlive/texmf-dist/tex/latex/graphics/graphics.sty
Package: graphics 2009/02/05 v1.0o Standard LaTeX Graphics (DPC,SPQR)

(/usr/share/texlive/texmf-dist/tex/latex/graphics/trig.sty
Package: trig 1999/03/16 v1.09 sin cos tan (DPC)
)
(/usr/share/texlive/texmf-dist/tex/latex/latexconfig/graphics.cfg
File: graphics.cfg 2010/04/23 v1.9 graphics configuration of TeX Live
)
Package graphics Info: Driver file: pdftex.def on input line 91.

(/usr/share/texlive/texmf-dist/tex/latex/pdftex-def/pdftex.def
File: pdftex.def 2011/05/27 v0.06d Graphics/color for pdfTeX

(/usr/share/texlive/texmf-dist/tex/generic/oberdiek/infwarerr.sty
Package: infwarerr 2010/04/08 v1.3 Providing info/warning/error messages (HO)
)
(/usr/share/texlive/texmf-dist/tex/generic/oberdiek/ltxcmds.sty
Package: ltxcmds 2011/11/09 v1.22 LaTeX kernel commands for general use (HO)
)
\Gread@gobject=\count80
))
\CROP@offset=\count81
Package crop Info: Local config file crop.cfg used on input line 344.
 (./crop.cfg))
Package crop Info: using pdf(la)tex graphics driver on input line 33.
 (./graphicx.sty
Package: graphicx 1999/02/16 v1.0f Enhanced LaTeX Graphics (DPC,SPQR)
 (/usr/share/texlive/texmf-dist/tex/latex/graphics/keyval.sty
Package: keyval 1999/03/16 v1.13 key=value parser (DPC)
\KV@toks@=\toks16
)
\Gin@req@height=\dimen104
\Gin@req@width=\dimen105
) (/usr/share/texlive/texmf-dist/tex/latex/amsmath/amsmath.sty
Package: amsmath 2000/07/18 v2.13 AMS math features
\@mathmargin=\skip41

For additional information on amsmath, use the `?' option.
(/usr/share/texlive/texmf-dist/tex/latex/amsmath/amstext.sty
Package: amstext 2000/06/29 v2.01

(/usr/share/texlive/texmf-dist/tex/latex/amsmath/amsgen.sty
File: amsgen.sty 1999/11/30 v2.0
\@emptytoks=\toks17
\ex@=\dimen106
))
(/usr/share/texlive/texmf-dist/tex/latex/amsmath/amsbsy.sty
Package: amsbsy 1999/11/29 v1.2d
\pmbraise@=\dimen107
)
(/usr/share/texlive/texmf-dist/tex/latex/amsmath/amsopn.sty
Package: amsopn 1999/12/14 v2.01 operator names
)
\inf@bad=\count82
LaTeX Info: Redefining \frac on input line 211.
\uproot@=\count83
\leftroot@=\count84
LaTeX Info: Redefining \overline on input line 307.
\classnum@=\count85
\DOTSCASE@=\count86
LaTeX Info: Redefining \ldots on input line 379.
LaTeX Info: Redefining \dots on input line 382.
LaTeX Info: Redefining \cdots on input line 467.
\Mathstrutbox@=\box26
\strutbox@=\box27
\big@size=\dimen108
LaTeX Font Info:    Redeclaring font encoding OML on input line 567.
LaTeX Font Info:    Redeclaring font encoding OMS on input line 568.
\macc@depth=\count87
\c@MaxMatrixCols=\count88
\dotsspace@=\muskip10
\c@parentequation=\count89
\dspbrk@lvl=\count90
\tag@help=\toks18
\row@=\count91
\column@=\count92
\maxfields@=\count93
\andhelp@=\toks19
\eqnshift@=\dimen109
\alignsep@=\dimen110
\tagshift@=\dimen111
\tagwidth@=\dimen112
\totwidth@=\dimen113
\lineht@=\dimen114
\@envbody=\toks20
\multlinegap=\skip42
\multlinetaggap=\skip43
\mathdisplay@stack=\toks21
LaTeX Info: Redefining \[ on input line 2666.
LaTeX Info: Redefining \] on input line 2667.
) (./array.sty
Package: array 1998/05/13 v2.3m Tabular extension package (FMi)
\col@sep=\dimen115
\extrarowheight=\dimen116
\NC@list=\toks22
\extratabsurround=\skip44
\backup@length=\skip45
)
(./color.sty
Package: color 1999/02/16 v1.0i Standard LaTeX Color (DPC)
 (/usr/share/texlive/texmf-dist/tex/latex/latexconfig/color.cfg
File: color.cfg 2007/01/18 v1.5 color configuration of teTeX/TeXLive
)
Package color Info: Driver file: pdftex.def on input line 125.
)
(/usr/share/texlive/texmf-dist/tex/latex/amsfonts/amssymb.sty
Package: amssymb 2009/06/22 v3.00

(/usr/share/texlive/texmf-dist/tex/latex/amsfonts/amsfonts.sty
Package: amsfonts 2009/06/22 v3.00 Basic AMSFonts support
\symAMSa=\mathgroup4
\symAMSb=\mathgroup5
LaTeX Font Info:    Overwriting math alphabet `\mathfrak' in version `bold'
(Font)                  U/euf/m/n --> U/euf/b/n on input line 96.
))
(./flushend.sty
Package: flushend 1997/10/01
\@aaa=\box28
\@ccc=\box29
\@viper=\box30
\hold@viper=\box31
\atColsBreak=\toks23
\@extra@skip=\dimen117
\@nd@page@rule=\dimen118
) (./stfloats.sty
Package: stfloats 1999/10/22
\@dblbotnum=\count94
\c@dblbotnumber=\count95
)
(/usr/share/texlive/texmf-dist/tex/latex/amscls/amsthm.sty
Package: amsthm 2009/07/02 v2.20.1
\thm@style=\toks24
\thm@bodyfont=\toks25
\thm@headfont=\toks26
\thm@notefont=\toks27
\thm@headpunct=\toks28
\thm@preskip=\skip46
\thm@postskip=\skip47
\thm@headsep=\skip48
\dth@everypar=\toks29
) (./chngpage.sty
Package: chngpage 2001/01/31 v1.1b change page layout
\c@cp@cnt=\count96
\c@cp@tempcnt=\count97
)
(./times.sty
Package: times 2000/01/12 PSNFSS-v8.1 Times font as default roman (SPQR) 
)
\c@section=\count98
\c@subsection=\count99
\c@subsubsection=\count100
\c@paragraph=\count101
\c@subparagraph=\count102
\c@figure=\count103
\c@table=\count104
\dropfromtop=\skip49
\extraspace=\skip50
\aboveskipchk=\skip51
\abovecaptionskip=\skip52
\belowcaptionskip=\skip53
\rotdimen=\dimen119
\tempdime=\dimen120
\temptbox=\box32
 (./natbib.sty
Package: natbib 2000/07/24 7.0a (PWD)
\bibhang=\skip54
\bibsep=\skip55
LaTeX Info: Redefining \cite on input line 508.
\c@NAT@ctr=\count105
)) (./document.aux)
\openout1 = `document.aux'.

LaTeX Font Info:    Checking defaults for OML/cmm/m/it on input line 5.
LaTeX Font Info:    ... okay on input line 5.
LaTeX Font Info:    Checking defaults for T1/cmr/m/n on input line 5.
LaTeX Font Info:    ... okay on input line 5.
LaTeX Font Info:    Checking defaults for OT1/cmr/m/n on input line 5.
LaTeX Font Info:    ... okay on input line 5.
LaTeX Font Info:    Checking defaults for OMS/cmsy/m/n on input line 5.
LaTeX Font Info:    ... okay on input line 5.
LaTeX Font Info:    Checking defaults for OMX/cmex/m/n on input line 5.
LaTeX Font Info:    ... okay on input line 5.
LaTeX Font Info:    Checking defaults for U/cmr/m/n on input line 5.
LaTeX Font Info:    ... okay on input line 5.
LaTeX Font Info:    Try loading font information for OT1+ptm on input line 5.

(/usr/share/texlive/texmf-dist/tex/latex/psnfss/ot1ptm.fd
File: ot1ptm.fd 2001/06/04 font definitions for OT1/ptm.
)
(/usr/share/texlive/texmf-dist/tex/context/base/supp-pdf.mkii
[Loading MPS to PDF converter (version 2006.09.02).]
\scratchcounter=\count106
\scratchdimen=\dimen121
\scratchbox=\box33
\nofMPsegments=\count107
\nofMParguments=\count108
\everyMPshowfont=\toks30
\MPscratchCnt=\count109
\MPscratchDim=\dimen122
\MPnumerator=\count110
\makeMPintoPDFobject=\count111
\everyMPtoPDFconversion=\toks31
) (/usr/share/texlive/texmf-dist/tex/generic/oberdiek/pdftexcmds.sty
Package: pdftexcmds 2011/11/29 v0.20 Utility functions of pdfTeX for LuaTeX (HO
)

(/usr/share/texlive/texmf-dist/tex/generic/oberdiek/ifluatex.sty
Package: ifluatex 2010/03/01 v1.3 Provides the ifluatex switch (HO)
Package ifluatex Info: LuaTeX not detected.
)
(/usr/share/texlive/texmf-dist/tex/generic/oberdiek/ifpdf.sty
Package: ifpdf 2011/01/30 v2.3 Provides the ifpdf switch (HO)
Package ifpdf Info: pdfTeX in PDF mode is detected.
)
Package pdftexcmds Info: LuaTeX not detected.
Package pdftexcmds Info: \pdf@primitive is available.
Package pdftexcmds Info: \pdf@ifprimitive is available.
Package pdftexcmds Info: \pdfdraftmode found.
)
(/usr/share/texlive/texmf-dist/tex/latex/oberdiek/epstopdf-base.sty
Package: epstopdf-base 2010/02/09 v2.5 Base part for package epstopdf

(/usr/share/texlive/texmf-dist/tex/latex/oberdiek/grfext.sty
Package: grfext 2010/08/19 v1.1 Manage graphics extensions (HO)

(/usr/share/texlive/texmf-dist/tex/generic/oberdiek/kvdefinekeys.sty
Package: kvdefinekeys 2011/04/07 v1.3 Define keys (HO)
))
(/usr/share/texlive/texmf-dist/tex/latex/oberdiek/kvoptions.sty
Package: kvoptions 2011/06/30 v3.11 Key value format for package options (HO)

(/usr/share/texlive/texmf-dist/tex/generic/oberdiek/kvsetkeys.sty
Package: kvsetkeys 2012/04/25 v1.16 Key value parser (HO)

(/usr/share/texlive/texmf-dist/tex/generic/oberdiek/etexcmds.sty
Package: etexcmds 2011/02/16 v1.5 Avoid name clashes with e-TeX commands (HO)
Package etexcmds Info: Could not find \expanded.
(etexcmds)             That can mean that you are not using pdfTeX 1.50 or
(etexcmds)             that some package has redefined \expanded.
(etexcmds)             In the latter case, load this package earlier.
)))
Package grfext Info: Graphics extension search list:
(grfext)             [.png,.pdf,.jpg,.mps,.jpeg,.jbig2,.jb2,.PNG,.PDF,.JPG,.JPE
G,.JBIG2,.JB2,.eps]
(grfext)             \AppendGraphicsExtensions on input line 452.

(/usr/share/texlive/texmf-dist/tex/latex/latexconfig/epstopdf-sys.cfg
File: epstopdf-sys.cfg 2010/07/13 v1.3 Configuration of (r)epstopdf for TeX Liv
e
))
LaTeX Font Info:    Try loading font information for OT1+phv on input line 19.

(/usr/share/texlive/texmf-dist/tex/latex/psnfss/ot1phv.fd
File: ot1phv.fd 2001/06/04 scalable font definitions for OT1/phv.
)
LaTeX Font Info:    Font shape `OT1/phv/m/it' in size <9> not available
(Font)              Font shape `OT1/phv/m/sl' tried instead on input line 19.
LaTeX Font Info:    Font shape `OT1/phv/bx/it' in size <9> not available
(Font)              Font shape `OT1/phv/b/it' tried instead on input line 19.
LaTeX Font Info:    Font shape `OT1/phv/b/it' in size <9> not available
(Font)              Font shape `OT1/phv/b/sl' tried instead on input line 19.
LaTeX Font Info:    Font shape `OT1/phv/bx/it' in size <19> not available
(Font)              Font shape `OT1/phv/b/it' tried instead on input line 19.
LaTeX Font Info:    Font shape `OT1/phv/b/it' in size <19> not available
(Font)              Font shape `OT1/phv/b/sl' tried instead on input line 19.
LaTeX Font Info:    Font shape `OT1/phv/m/it' in size <8> not available
(Font)              Font shape `OT1/phv/m/sl' tried instead on input line 19.
LaTeX Font Info:    Font shape `OT1/phv/bx/n' in size <9> not available
(Font)              Font shape `OT1/phv/b/n' tried instead on input line 19.
LaTeX Font Info:    Font shape `OT1/phv/bx/n' in size <16> not available
(Font)              Font shape `OT1/phv/b/n' tried instead on input line 19.
LaTeX Font Info:    Calculating math sizes for size <13> on input line 19.


LaTeX Font Warning: Font shape `OT1/cmr/m/n' in size <13> not available
(Font)              size <12> substituted on input line 19.


LaTeX Font Warning: Font shape `OT1/cmr/m/n' in size <6.5> not available
(Font)              size <6> substituted on input line 19.


LaTeX Font Warning: Font shape `OML/cmm/m/it' in size <13> not available
(Font)              size <12> substituted on input line 19.


LaTeX Font Warning: Font shape `OML/cmm/m/it' in size <6.5> not available
(Font)              size <6> substituted on input line 19.


LaTeX Font Warning: Font shape `OMS/cmsy/m/n' in size <13> not available
(Font)              size <12> substituted on input line 19.


LaTeX Font Warning: Font shape `OMS/cmsy/m/n' in size <6.5> not available
(Font)              size <6> substituted on input line 19.

LaTeX Font Info:    Try loading font information for U+msa on input line 19.
(/usr/share/texlive/texmf-dist/tex/latex/amsfonts/umsa.fd
File: umsa.fd 2009/06/22 v3.00 AMS symbols A
)
LaTeX Font Info:    Try loading font information for U+msb on input line 19.

(/usr/share/texlive/texmf-dist/tex/latex/amsfonts/umsb.fd
File: umsb.fd 2009/06/22 v3.00 AMS symbols B
)
LaTeX Font Info:    Calculating math sizes for size <9.09996> on input line 19.



LaTeX Font Warning: Font shape `OT1/cmr/m/n' in size <4.54997> not available
(Font)              size <5> substituted on input line 19.


LaTeX Font Warning: Font shape `OML/cmm/m/it' in size <4.54997> not available
(Font)              size <5> substituted on input line 19.


LaTeX Font Warning: Font shape `OMS/cmsy/m/n' in size <4.54997> not available
(Font)              size <5> substituted on input line 19.


LaTeX Font Warning: Font shape `OT1/cmr/m/n' in size <7.5> not available
(Font)              size <7> substituted on input line 19.


LaTeX Font Warning: Font shape `OML/cmm/m/it' in size <7.5> not available
(Font)              size <7> substituted on input line 19.


LaTeX Font Warning: Font shape `OMS/cmsy/m/n' in size <7.5> not available
(Font)              size <7> substituted on input line 19.


Underfull \hbox (badness 10000) detected at line 19
[]
 []

LaTeX Font Info:    Font shape `OT1/phv/bx/n' in size <8> not available
(Font)              Font shape `OT1/phv/b/n' tried instead on input line 24.
Missing character: There is no â in font phvr7t!
Missing character: There is no € in font phvr7t!
Missing character: There is no ™ in font phvr7t!

Underfull \hbox (badness 7558) in paragraph at lines 30--37
\OT1/phv/b/n/8 Results: \OT1/phv/m/n/8 In order to computationally generate rep
urposing
 []


Underfull \hbox (badness 1881) in paragraph at lines 30--37
\OT1/phv/m/n/8 hypotheses, we used the Web Ontology Language (OWL) to
 []


Underfull \hbox (badness 1292) in paragraph at lines 30--37
\OT1/phv/m/n/8 Classification System (FTC) and was further evaluated against
 []


Underfull \hbox (badness 1436) in paragraph at lines 30--37
\OT1/phv/m/n/8 the content of the traditional Anatomical Therapeutic Chemical
 []


Underfull \hbox (badness 1430) in paragraph at lines 30--37
\OT1/phv/m/n/8 can be used to generate drug repurposing hypotheses, using
 []

LaTeX Font Info:    Font shape `OT1/phv/bx/n' in size <10> not available
(Font)              Font shape `OT1/phv/b/n' tried instead on input line 47.
<fig1.png, id=1, 395.3169pt x 157.5486pt>
File: fig1.png Graphic file (type png)
 <use fig1.png>
Package pdftex.def Info: fig1.png used on input line 50.
(pdftex.def)             Requested size: 395.31592pt x 157.5482pt.
LaTeX Font Info:    Font shape `OT1/ptm/bx/n' in size <8> not available
(Font)              Font shape `OT1/ptm/b/n' tried instead on input line 58.
Missing character: There is no â in font ptmr7t!
Missing character: There is no € in font ptmr7t!
Missing character: There is no ™ in font ptmr7t!

Underfull \hbox (badness 1142) in paragraph at lines 61--109
\OT1/ptm/m/n/9 Drug repurposing is the use of known active compounds for
 []


Underfull \hbox (badness 2875) in paragraph at lines 61--109
\OT1/ptm/m/n/9 repurposing opportunities [Medina-Franco \OT1/ptm/m/it/9 et al.\
OT1/ptm/m/n/9 , 2013]. For
 []


Underfull \hbox (badness 1769) in paragraph at lines 61--109
\OT1/ptm/m/n/9 because of safety or efficacy issues. There is an increasing
 []


Underfull \hbox (badness 1629) in paragraph at lines 61--109
\OT1/ptm/m/n/9 from description logics, such frameworks help to define the
 []


Underfull \vbox (badness 10000) has occurred while \output is active []

LaTeX Font Info:    Try loading font information for OMS+phv on input line 109.


(/usr/share/texlive/texmf-dist/tex/latex/psnfss/omsphv.fd
File: omsphv.fd 
)
LaTeX Font Info:    Font shape `OMS/phv/m/n' in size <7> not available
(Font)              Font shape `OMS/cmsy/m/n' tried instead on input line 109.
 [1

{/var/lib/texmf/fonts/map/pdftex/updmap/pdftex.map}


]
LaTeX Font Info:    Try loading font information for OML+ptm on input line 131.


(/usr/share/texlive/texmf-dist/tex/latex/psnfss/omlptm.fd
File: omlptm.fd 
)
LaTeX Font Info:    Font shape `OML/ptm/m/n' in size <9> not available
(Font)              Font shape `OML/cmm/m/it' tried instead on input line 131.

Underfull \hbox (badness 1708) in paragraph at lines 112--136
\OT1/ptm/m/n/9 The knowledge base behind the FTC is built by integrating
 []


Underfull \hbox (badness 5147) in paragraph at lines 112--136
\OT1/ptm/m/n/9 drugs and their protein targets and Uniprot [The Uniprot
 []

<fig2.png, id=20, 235.8411pt x 273.6624pt>
File: fig2.png Graphic file (type png)
 <use fig2.png>
Package pdftex.def Info: fig2.png used on input line 138.
(pdftex.def)             Requested size: 235.8405pt x 273.66171pt.

Underfull \hbox (badness 6032) in paragraph at lines 141--141
[]\OT1/ptm/b/n/8 Fig. 2. \OT1/ptm/m/n/8 Parent categories to the FTC class \OT1
/ptm/m/it/8 Pro-fibrinolysis agent
 []


Underfull \hbox (badness 2073) in paragraph at lines 141--141
\OT1/ptm/m/n/8 (FTC[]P0042730). The classification is a direct acyclic graph wh
ere
 []


Underfull \hbox (badness 1466) in paragraph at lines 145--170
\OT1/ptm/m/n/9 this work, we have considered the ATC as a gold standard
 []


Underfull \hbox (badness 2790) in paragraph at lines 145--170
\OT1/ptm/m/n/9 behind the evaluation is described in the section 6 of the
 []


Underfull \hbox (badness 1383) in paragraph at lines 145--170
\OT1/ptm/m/n/9 supplementary material (\OT1/ptm/m/it/9 Evaluation methodology\O
T1/ptm/m/n/9 ). Briefly, 68
 []


Underfull \hbox (badness 1454) in paragraph at lines 145--170
\OT1/ptm/m/n/9 (see supplementary material section 6.1 for details). The set
 []


Underfull \hbox (badness 2435) in paragraph at lines 145--170
\OT1/ptm/m/n/9 of drugs present in both classes for each evaluation points
 []


Underfull \hbox (badness 1603) in paragraph at lines 145--170
\OT1/ptm/m/n/9 the FTC category \OT1/ptm/m/it/9 Anti-hydrogen:potassium-exchang
ing ATPase
 []


Underfull \hbox (badness 2057) in paragraph at lines 145--170
\OT1/ptm/m/n/9 https://www.ebi.ac.uk/chembl/ftc/evaluation/FTC[]A0008900. Out
 []


Underfull \vbox (badness 10000) has occurred while \output is active []

LaTeX Font Info:    Font shape `OT1/phv/bx/it' in size <8> not available
(Font)              Font shape `OT1/phv/b/it' tried instead on input line 170.
LaTeX Font Info:    Font shape `OT1/phv/b/it' in size <8> not available
(Font)              Font shape `OT1/phv/b/sl' tried instead on input line 170.

Overfull \hbox (261.0pt too wide) has occurred while \output is active
[][] 
 []


Overfull \vbox (1.0pt too high) has occurred while \output is active []


Overfull \hbox (261.0pt too wide) has occurred while \output is active
[][] 
 []

[2 <./fig1.png>]
Missing character: There is no â in font ptmr7t!
Missing character: There is no € in font ptmr7t!
Missing character: There is no ™ in font ptmr7t!

Underfull \hbox (badness 1275) in paragraph at lines 176--205
\OT1/ptm/m/n/9 exercise (https://www.ebi.ac.uk/chembl/ftc/agent/DB01041). The
 []


Underfull \hbox (badness 1852) in paragraph at lines 176--205
\OT1/ptm/m/n/9 for the development of members, affecting in particular the
 []


Underfull \hbox (badness 1681) in paragraph at lines 176--205
\OT1/ptm/m/n/9 in particular for anti-cancer and immunomodulatory activities
 []


Underfull \hbox (badness 1635) in paragraph at lines 176--205
\OT1/ptm/m/it/9 cytokine secretion agent \OT1/ptm/m/n/9 and \OT1/ptm/m/it/9 Ant
i-I-kappaB kinase/NF-kappaB
 []


Underfull \hbox (badness 2261) in paragraph at lines 176--205
\OT1/ptm/m/it/9 cascade agent \OT1/ptm/m/n/9 for its effect on the immune syste
m. These
 []


Underfull \hbox (badness 1831) in paragraph at lines 176--205
\OT1/ptm/m/n/9 Moreover the classification can also provide valuable insight
 []


Underfull \vbox (badness 10000) has occurred while \output is active []


Overfull \hbox (261.0pt too wide) has occurred while \output is active
[][] 
 []


Overfull \vbox (1.0pt too high) has occurred while \output is active []

 [3 <./fig2.png>] <fig3.png, id=30, 333.8874pt x 292.4526pt>
File: fig3.png Graphic file (type png)
 <use fig3.png>
Package pdftex.def Info: fig3.png used on input line 208.
(pdftex.def)             Requested size: 333.88658pt x 292.45189pt.

Underfull \hbox (badness 2990) in paragraph at lines 245--252
\OT1/ptm/m/n/9 when two levels of the ATC are considered (no statistical
 []

<fig4.png, id=31, 401.5803pt x 321.6015pt>
File: fig4.png Graphic file (type png)
 <use fig4.png>
Package pdftex.def Info: fig4.png used on input line 254.
(pdftex.def)             Requested size: 401.57932pt x 321.60071pt.

Underfull \hbox (badness 6396) in paragraph at lines 268--277
\OT1/ptm/m/n/9 hypotheses can be derived from the FTC. The approach
 []


Underfull \hbox (badness 1742) in paragraph at lines 268--277
\OT1/ptm/m/n/9 presented here makes use of the FTC categories as analogs
 []


Underfull \hbox (badness 7273) in paragraph at lines 268--277
\OT1/ptm/m/n/9 to compartments of a toolbox helping to find drugs to
 []


Underfull \hbox (badness 6220) in paragraph at lines 268--277
\OT1/ptm/m/n/9 treat Alzheimer's disease. Five FTC categories containing
 []


Underfull \hbox (badness 1960) in paragraph at lines 268--277
\OT1/ptm/m/n/9 drugs are directly related to the biological processes of the
 []


Underfull \hbox (badness 6047) in paragraph at lines 268--277
\OT1/ptm/m/n/9 neurodegenerative condition: \OT1/ptm/m/it/9 Anti-amyloid precur
sor protein
 []


Underfull \hbox (badness 1975) in paragraph at lines 268--277
\OT1/ptm/m/it/9 biosynthetic process agent \OT1/ptm/m/n/9 (FTC[]A0042983), \OT1
/ptm/m/it/9 Anti-tau protein
 []


Overfull \hbox (27.12433pt too wide) in paragraph at lines 268--277
\OT1/ptm/m/it/9 agent \OT1/ptm/m/n/9 (FTC[]A0048156), \OT1/ptm/m/it/9 Anti-beta
 amyloid binding agent \OT1/ptm/m/n/9 (FTC[]A0001540)
 []

<fig5.png, id=32, 219.26718pt x 194.83992pt>
File: fig5.png Graphic file (type png)
 <use fig5.png>
Package pdftex.def Info: fig5.png used on input line 279.
(pdftex.def)             Requested size: 219.26663pt x 194.83943pt.

Underfull \hbox (badness 1072) in paragraph at lines 283--283
\OT1/ptm/m/n/8 affect the dementia. Drugs classified in these FTC categories fu
rther
 []


Underfull \hbox (badness 3503) in paragraph at lines 286--317
\OT1/ptm/m/n/9 could be caused by dysfunctions in the processing of the
 []


Underfull \hbox (badness 2229) in paragraph at lines 286--317
\OT1/ptm/m/n/9 acetylcholine. The subgroup (4) is exclusively composed of
 []


Overfull \hbox (261.0pt too wide) has occurred while \output is active
[][] 
 []


Overfull \vbox (1.0pt too high) has occurred while \output is active []


Overfull \hbox (261.0pt too wide) has occurred while \output is active
[][] 
 []

[4 <./fig5.png>]
Underfull \vbox (badness 10000) has occurred while \output is active []


Overfull \hbox (261.0pt too wide) has occurred while \output is active
[][] 
 []


Overfull \vbox (1.0pt too high) has occurred while \output is active []

 [5 <./fig3.png>]
Underfull \vbox (badness 10000) has occurred while \output is active []


Overfull \hbox (261.0pt too wide) has occurred while \output is active
[][] 
 []


Overfull \vbox (1.0pt too high) has occurred while \output is active []


Overfull \hbox (261.0pt too wide) has occurred while \output is active
[][] 
 []

[6 <./fig4.png>]
Underfull \hbox (badness 1087) in paragraph at lines 359--382
\OT1/ptm/m/n/9 repositories funded and curated in parallel, can be integrated
 []


Underfull \hbox (badness 1052) in paragraph at lines 359--382
\OT1/ptm/m/n/9 external gold standard (ATC) and relies on description logics
 []


Underfull \hbox (badness 1057) in paragraph at lines 359--382
\OT1/ptm/m/n/9 we have compared the content of the FTC against the ATC,
 []


Overfull \hbox (13.16383pt too wide) in paragraph at lines 396--400
\OT1/ptm/m/n/9 documentation can be accessed at https://github.com/loopasam/ftc
/wiki.
 []


Underfull \hbox (badness 4531) in paragraph at lines 396--400
\OT1/ptm/m/n/9 The full description of the methodology used to generate
 []


Underfull \hbox (badness 3942) in paragraph at lines 396--400
\OT1/ptm/m/n/9 the classification is available as supplementary material on
 []

(./document.bbl
LaTeX Font Info:    Font shape `OT1/ptm/bx/n' in size <7> not available
(Font)              Font shape `OT1/ptm/b/n' tried instead on input line 8.

Overfull \hbox (261.0pt too wide) has occurred while \output is active
[][] 
 []


Overfull \vbox (1.0pt too high) has occurred while \output is active []

 [7]
Underfull \hbox (badness 3049) in paragraph at lines 112--116
[]\OT1/ptm/m/n/7 Hoehndorf, R., Dumontier, M., and Gkoutos, G. V. (2012).  Iden
tifying
 []

Missing character: There is no â in font ptmr7t!
Missing character: There is no „ in font ptmr7t!
Missing character: There is no ° in font ptmr7t!
Missing character: There is no â in font ptmr7t!
Missing character: There is no „ in font ptmr7t!
Missing character: There is no ’ in font ptmr7t!
)
Underfull \vbox (badness 10000) has occurred while \output is active []


Underfull \vbox (badness 10000) has occurred while \output is active []

Extra height:10.0pt when 280.04022pt

Underfull \vbox (badness 10000) has occurred while \output is active []

Extra height:10.0pt when 281.04022pt

Underfull \vbox (badness 10000) has occurred while \output is active []

Extra height:10.0pt when 282.04022pt

Underfull \vbox (badness 10000) has occurred while \output is active []

Extra height:10.0pt when 283.04022pt

Underfull \vbox (badness 10000) has occurred while \output is active []

Extra height:10.0pt when 284.04022pt

Underfull \vbox (badness 10000) has occurred while \output is active []

Extra height:10.0pt when 285.04022pt

Underfull \vbox (badness 10000) has occurred while \output is active []

Extra height:10.0pt when 286.04022pt

Underfull \vbox (badness 10000) has occurred while \output is active []

Extra height:10.0pt when 287.04022pt

Underfull \vbox (badness 10000) has occurred while \output is active []

Extra height:10.0pt when 288.04022pt

Underfull \vbox (badness 10000) has occurred while \output is active []

Extra height:0.0pt when 289.04022pt

Underfull \vbox (badness 10000) has occurred while \output is active []

(2)Left:289.04022pt Right:272.08044pt Output:289.04022pt
- LAST -
Extra skip:0.0pt
Left:289.04022pt
Right:272.08044pt
Output:289.04022pt

Underfull \vbox (badness 10000) has occurred while \output is active []


Overfull \hbox (261.0pt too wide) has occurred while \output is active
[][] 
 []


Overfull \vbox (1.0pt too high) has occurred while \output is active []


Overfull \hbox (261.0pt too wide) has occurred while \output is active
[][] 
 []

[8

] (./document.aux)

LaTeX Font Warning: Size substitutions with differences
(Font)              up to 1.0pt have occurred.

 ) 
Here is how much of TeX's memory you used:
 3338 strings out of 495059
 42371 string characters out of 3182030
 120234 words of memory out of 3000000
 6414 multiletter control sequences out of 15000+200000
 50644 words of font info for 103 fonts, out of 3000000 for 9000
 18 hyphenation exceptions out of 8191
 38i,13n,26p,1027b,298s stack positions out of 5000i,500n,10000p,200000b,50000s
{/usr/share/texlive/texmf-dist/fonts/enc/dvips/base/8r.enc}</usr/share/texliv
e/texmf-dist/fonts/type1/public/amsfonts/cm/cmmi9.pfb></usr/share/texlive/texmf
-dist/fonts/type1/public/amsfonts/cm/cmr7.pfb></usr/share/texlive/texmf-dist/fo
nts/type1/public/amsfonts/cm/cmr9.pfb></usr/share/texlive/texmf-dist/fonts/type
1/public/amsfonts/cm/cmsy6.pfb></usr/share/texlive/texmf-dist/fonts/type1/publi
c/amsfonts/cm/cmsy7.pfb></usr/share/texlive/texmf-dist/fonts/type1/public/amsfo
nts/cm/cmsy9.pfb></usr/share/texlive/texmf-dist/fonts/type1/urw/helvetic/uhvb8a
.pfb></usr/share/texlive/texmf-dist/fonts/type1/urw/helvetic/uhvbo8a.pfb></usr/
share/texlive/texmf-dist/fonts/type1/urw/helvetic/uhvr8a.pfb></usr/share/texliv
e/texmf-dist/fonts/type1/urw/helvetic/uhvro8a.pfb></usr/share/texlive/texmf-dis
t/fonts/type1/urw/times/utmb8a.pfb></usr/share/texlive/texmf-dist/fonts/type1/u
rw/times/utmr8a.pfb></usr/share/texlive/texmf-dist/fonts/type1/urw/times/utmri8
a.pfb>
Output written on document.pdf (8 pages, 2769939 bytes).
PDF statistics:
 95 PDF objects out of 1000 (max. 8388607)
 61 compressed objects within 1 object stream
 0 named destinations out of 1000 (max. 500000)
 26 words of extra memory for PDF output out of 10000 (max. 10000000)

